{"C:\\Users\\femur\\OneDrive\\work\\wsl_work\\tetris\\src\\game.js": {"path":"C:\\Users\\femur\\OneDrive\\work\\wsl_work\\tetris\\src\\game.js","statementMap":{"0":{"start":{"line":2,"column":21},"end":{"line":2,"column":55}},"1":{"start":{"line":3,"column":2},"end":{"line":3,"column":56}},"2":{"start":{"line":7,"column":2},"end":{"line":7,"column":52}},"3":{"start":{"line":11,"column":18},"end":{"line":33,"column":1}},"4":{"start":{"line":36,"column":17},"end":{"line":36,"column":48}},"5":{"start":{"line":37,"column":2},"end":{"line":37,"column":22}},"6":{"start":{"line":37,"column":15},"end":{"line":37,"column":22}},"7":{"start":{"line":40,"column":2},"end":{"line":40,"column":50}},"8":{"start":{"line":41,"column":2},"end":{"line":41,"column":51}},"9":{"start":{"line":44,"column":2},"end":{"line":49,"column":3}},"10":{"start":{"line":45,"column":4},"end":{"line":45,"column":44}},"11":{"start":{"line":47,"column":4},"end":{"line":47,"column":61}},"12":{"start":{"line":48,"column":4},"end":{"line":48,"column":11}},"13":{"start":{"line":51,"column":2},"end":{"line":51,"column":29}},"14":{"start":{"line":51,"column":22},"end":{"line":51,"column":29}},"15":{"start":{"line":54,"column":2},"end":{"line":54,"column":14}},"16":{"start":{"line":57,"column":2},"end":{"line":57,"column":24}},"17":{"start":{"line":60,"column":2},"end":{"line":60,"column":55}},"18":{"start":{"line":65,"column":2},"end":{"line":65,"column":96}},"19":{"start":{"line":65,"column":65},"end":{"line":65,"column":94}},"20":{"start":{"line":68,"column":2},"end":{"line":68,"column":34}},"21":{"start":{"line":69,"column":2},"end":{"line":69,"column":28}},"22":{"start":{"line":70,"column":2},"end":{"line":70,"column":25}},"23":{"start":{"line":71,"column":2},"end":{"line":71,"column":31}},"24":{"start":{"line":74,"column":2},"end":{"line":76,"column":3}},"25":{"start":{"line":75,"column":4},"end":{"line":75,"column":47}},"26":{"start":{"line":79,"column":2},"end":{"line":81,"column":3}},"27":{"start":{"line":80,"column":4},"end":{"line":80,"column":102}},"28":{"start":{"line":84,"column":2},"end":{"line":87,"column":3}},"29":{"start":{"line":86,"column":4},"end":{"line":86,"column":15}},"30":{"start":{"line":91,"column":2},"end":{"line":91,"column":30}},"31":{"start":{"line":92,"column":2},"end":{"line":96,"column":3}},"32":{"start":{"line":93,"column":4},"end":{"line":93,"column":16}},"33":{"start":{"line":95,"column":4},"end":{"line":95,"column":57}},"34":{"start":{"line":100,"column":19},"end":{"line":100,"column":118}},"35":{"start":{"line":101,"column":4},"end":{"line":107,"column":6}},"36":{"start":{"line":111,"column":4},"end":{"line":123,"column":7}},"37":{"start":{"line":112,"column":6},"end":{"line":122,"column":9}},"38":{"start":{"line":113,"column":8},"end":{"line":121,"column":9}},"39":{"start":{"line":114,"column":10},"end":{"line":114,"column":60}},"40":{"start":{"line":115,"column":10},"end":{"line":120,"column":12}},"41":{"start":{"line":127,"column":4},"end":{"line":127,"column":31}},"42":{"start":{"line":127,"column":24},"end":{"line":127,"column":31}},"43":{"start":{"line":130,"column":4},"end":{"line":130,"column":37}},"44":{"start":{"line":131,"column":4},"end":{"line":131,"column":101}},"45":{"start":{"line":134,"column":4},"end":{"line":134,"column":48}},"46":{"start":{"line":135,"column":4},"end":{"line":137,"column":5}},"47":{"start":{"line":136,"column":6},"end":{"line":136,"column":62}},"48":{"start":{"line":141,"column":4},"end":{"line":152,"column":7}},"49":{"start":{"line":142,"column":6},"end":{"line":151,"column":9}},"50":{"start":{"line":143,"column":8},"end":{"line":150,"column":9}},"51":{"start":{"line":144,"column":25},"end":{"line":144,"column":40}},"52":{"start":{"line":145,"column":25},"end":{"line":145,"column":40}},"53":{"start":{"line":146,"column":10},"end":{"line":149,"column":11}},"54":{"start":{"line":148,"column":12},"end":{"line":148,"column":42}},"55":{"start":{"line":156,"column":4},"end":{"line":165,"column":5}},"56":{"start":{"line":156,"column":17},"end":{"line":156,"column":18}},"57":{"start":{"line":157,"column":6},"end":{"line":164,"column":7}},"58":{"start":{"line":157,"column":19},"end":{"line":157,"column":20}},"59":{"start":{"line":158,"column":8},"end":{"line":163,"column":9}},"60":{"start":{"line":162,"column":10},"end":{"line":162,"column":22}},"61":{"start":{"line":166,"column":4},"end":{"line":166,"column":17}},"62":{"start":{"line":170,"column":4},"end":{"line":174,"column":5}},"63":{"start":{"line":170,"column":17},"end":{"line":170,"column":18}},"64":{"start":{"line":171,"column":6},"end":{"line":173,"column":7}},"65":{"start":{"line":171,"column":19},"end":{"line":171,"column":20}},"66":{"start":{"line":172,"column":8},"end":{"line":172,"column":68}},"67":{"start":{"line":175,"column":4},"end":{"line":176,"column":26}},"68":{"start":{"line":175,"column":17},"end":{"line":175,"column":56}},"69":{"start":{"line":175,"column":41},"end":{"line":175,"column":54}},"70":{"start":{"line":176,"column":9},"end":{"line":176,"column":26}},"71":{"start":{"line":180,"column":4},"end":{"line":180,"column":37}},"72":{"start":{"line":180,"column":30},"end":{"line":180,"column":37}},"73":{"start":{"line":182,"column":16},"end":{"line":182,"column":37}},"74":{"start":{"line":183,"column":17},"end":{"line":183,"column":18}},"75":{"start":{"line":184,"column":4},"end":{"line":184,"column":40}},"76":{"start":{"line":185,"column":4},"end":{"line":193,"column":5}},"77":{"start":{"line":186,"column":6},"end":{"line":186,"column":38}},"78":{"start":{"line":187,"column":6},"end":{"line":187,"column":49}},"79":{"start":{"line":188,"column":6},"end":{"line":192,"column":7}},"80":{"start":{"line":189,"column":8},"end":{"line":189,"column":45}},"81":{"start":{"line":190,"column":8},"end":{"line":190,"column":36}},"82":{"start":{"line":191,"column":8},"end":{"line":191,"column":15}},"83":{"start":{"line":197,"column":4},"end":{"line":197,"column":37}},"84":{"start":{"line":197,"column":30},"end":{"line":197,"column":37}},"85":{"start":{"line":199,"column":4},"end":{"line":199,"column":33}},"86":{"start":{"line":200,"column":4},"end":{"line":202,"column":5}},"87":{"start":{"line":201,"column":6},"end":{"line":201,"column":35}},"88":{"start":{"line":206,"column":4},"end":{"line":206,"column":37}},"89":{"start":{"line":206,"column":30},"end":{"line":206,"column":37}},"90":{"start":{"line":208,"column":4},"end":{"line":208,"column":28}},"91":{"start":{"line":209,"column":4},"end":{"line":223,"column":5}},"92":{"start":{"line":210,"column":6},"end":{"line":210,"column":30}},"93":{"start":{"line":211,"column":6},"end":{"line":211,"column":46}},"94":{"start":{"line":214,"column":6},"end":{"line":214,"column":19}},"95":{"start":{"line":217,"column":6},"end":{"line":217,"column":38}},"96":{"start":{"line":220,"column":6},"end":{"line":222,"column":7}},"97":{"start":{"line":221,"column":8},"end":{"line":221,"column":19}},"98":{"start":{"line":224,"column":4},"end":{"line":224,"column":30}},"99":{"start":{"line":228,"column":4},"end":{"line":228,"column":37}},"100":{"start":{"line":228,"column":30},"end":{"line":228,"column":37}},"101":{"start":{"line":230,"column":18},"end":{"line":230,"column":43}},"102":{"start":{"line":231,"column":4},"end":{"line":231,"column":30}},"103":{"start":{"line":234,"column":4},"end":{"line":234,"column":93}},"104":{"start":{"line":236,"column":4},"end":{"line":236,"column":35}},"105":{"start":{"line":237,"column":4},"end":{"line":240,"column":5}},"106":{"start":{"line":238,"column":6},"end":{"line":238,"column":19}},"107":{"start":{"line":239,"column":6},"end":{"line":239,"column":32}},"108":{"start":{"line":242,"column":4},"end":{"line":242,"column":11}},"109":{"start":{"line":244,"column":4},"end":{"line":246,"column":5}},"110":{"start":{"line":245,"column":6},"end":{"line":245,"column":59}},"111":{"start":{"line":251,"column":4},"end":{"line":251,"column":59}},"112":{"start":{"line":252,"column":4},"end":{"line":252,"column":55}},"113":{"start":{"line":255,"column":17},"end":{"line":255,"column":19}},"114":{"start":{"line":258,"column":6},"end":{"line":258,"column":34}},"115":{"start":{"line":258,"column":27},"end":{"line":258,"column":34}},"116":{"start":{"line":259,"column":6},"end":{"line":259,"column":29}},"117":{"start":{"line":261,"column":6},"end":{"line":264,"column":56}},"118":{"start":{"line":261,"column":37},"end":{"line":261,"column":52}},"119":{"start":{"line":262,"column":11},"end":{"line":264,"column":56}},"120":{"start":{"line":262,"column":43},"end":{"line":262,"column":57}},"121":{"start":{"line":263,"column":11},"end":{"line":264,"column":56}},"122":{"start":{"line":263,"column":42},"end":{"line":263,"column":55}},"123":{"start":{"line":264,"column":11},"end":{"line":264,"column":56}},"124":{"start":{"line":264,"column":40},"end":{"line":264,"column":56}},"125":{"start":{"line":267,"column":6},"end":{"line":267,"column":13}},"126":{"start":{"line":271,"column":6},"end":{"line":271,"column":30}},"127":{"start":{"line":275,"column":4},"end":{"line":275,"column":56}},"128":{"start":{"line":276,"column":4},"end":{"line":276,"column":52}},"129":{"start":{"line":280,"column":0},"end":{"line":301,"column":3}},"130":{"start":{"line":282,"column":2},"end":{"line":285,"column":3}},"131":{"start":{"line":283,"column":4},"end":{"line":283,"column":47}},"132":{"start":{"line":284,"column":4},"end":{"line":284,"column":32}},"133":{"start":{"line":288,"column":2},"end":{"line":288,"column":13}},"134":{"start":{"line":291,"column":2},"end":{"line":300,"column":5}},"135":{"start":{"line":292,"column":19},"end":{"line":292,"column":50}},"136":{"start":{"line":293,"column":4},"end":{"line":299,"column":5}},"137":{"start":{"line":295,"column":6},"end":{"line":295,"column":54}},"138":{"start":{"line":296,"column":6},"end":{"line":296,"column":55}},"139":{"start":{"line":298,"column":6},"end":{"line":298,"column":13}},"140":{"start":{"line":304,"column":0},"end":{"line":311,"column":1}},"141":{"start":{"line":305,"column":2},"end":{"line":310,"column":4}},"142":{"start":{"line":314,"column":0},"end":{"line":319,"column":2}}},"fnMap":{"0":{"name":"calculateScore","decl":{"start":{"line":1,"column":9},"end":{"line":1,"column":23}},"loc":{"start":{"line":1,"column":56},"end":{"line":4,"column":1}},"line":1},"1":{"name":"calculateLevel","decl":{"start":{"line":6,"column":9},"end":{"line":6,"column":23}},"loc":{"start":{"line":6,"column":56},"end":{"line":8,"column":1}},"line":6},"2":{"name":"initGame","decl":{"start":{"line":35,"column":9},"end":{"line":35,"column":17}},"loc":{"start":{"line":35,"column":20},"end":{"line":61,"column":1}},"line":35},"3":{"name":"resetGame","decl":{"start":{"line":63,"column":9},"end":{"line":63,"column":18}},"loc":{"start":{"line":63,"column":21},"end":{"line":88,"column":1}},"line":63},"4":{"name":"(anonymous_4)","decl":{"start":{"line":65,"column":59},"end":{"line":65,"column":60}},"loc":{"start":{"line":65,"column":65},"end":{"line":65,"column":94}},"line":65},"5":{"name":"gameOver","decl":{"start":{"line":90,"column":9},"end":{"line":90,"column":17}},"loc":{"start":{"line":90,"column":20},"end":{"line":97,"column":1}},"line":90},"6":{"name":"createPiece","decl":{"start":{"line":99,"column":9},"end":{"line":99,"column":20}},"loc":{"start":{"line":99,"column":23},"end":{"line":108,"column":3}},"line":99},"7":{"name":"drawMatrix","decl":{"start":{"line":110,"column":9},"end":{"line":110,"column":19}},"loc":{"start":{"line":110,"column":36},"end":{"line":124,"column":3}},"line":110},"8":{"name":"(anonymous_8)","decl":{"start":{"line":111,"column":19},"end":{"line":111,"column":20}},"loc":{"start":{"line":111,"column":31},"end":{"line":123,"column":5}},"line":111},"9":{"name":"(anonymous_9)","decl":{"start":{"line":112,"column":18},"end":{"line":112,"column":19}},"loc":{"start":{"line":112,"column":32},"end":{"line":122,"column":7}},"line":112},"10":{"name":"draw","decl":{"start":{"line":126,"column":9},"end":{"line":126,"column":13}},"loc":{"start":{"line":126,"column":16},"end":{"line":138,"column":3}},"line":126},"11":{"name":"merge","decl":{"start":{"line":140,"column":9},"end":{"line":140,"column":14}},"loc":{"start":{"line":140,"column":29},"end":{"line":153,"column":3}},"line":140},"12":{"name":"(anonymous_12)","decl":{"start":{"line":141,"column":25},"end":{"line":141,"column":26}},"loc":{"start":{"line":141,"column":37},"end":{"line":152,"column":5}},"line":141},"13":{"name":"(anonymous_13)","decl":{"start":{"line":142,"column":18},"end":{"line":142,"column":19}},"loc":{"start":{"line":142,"column":32},"end":{"line":151,"column":7}},"line":142},"14":{"name":"collide","decl":{"start":{"line":155,"column":9},"end":{"line":155,"column":16}},"loc":{"start":{"line":155,"column":31},"end":{"line":167,"column":3}},"line":155},"15":{"name":"rotate","decl":{"start":{"line":169,"column":9},"end":{"line":169,"column":15}},"loc":{"start":{"line":169,"column":29},"end":{"line":177,"column":3}},"line":169},"16":{"name":"(anonymous_16)","decl":{"start":{"line":175,"column":32},"end":{"line":175,"column":33}},"loc":{"start":{"line":175,"column":41},"end":{"line":175,"column":54}},"line":175},"17":{"name":"playerRotate","decl":{"start":{"line":179,"column":9},"end":{"line":179,"column":21}},"loc":{"start":{"line":179,"column":27},"end":{"line":194,"column":3}},"line":179},"18":{"name":"playerMove","decl":{"start":{"line":196,"column":9},"end":{"line":196,"column":19}},"loc":{"start":{"line":196,"column":25},"end":{"line":203,"column":3}},"line":196},"19":{"name":"playerDrop","decl":{"start":{"line":205,"column":9},"end":{"line":205,"column":19}},"loc":{"start":{"line":205,"column":22},"end":{"line":225,"column":3}},"line":205},"20":{"name":"update","decl":{"start":{"line":227,"column":9},"end":{"line":227,"column":15}},"loc":{"start":{"line":227,"column":26},"end":{"line":247,"column":3}},"line":227},"21":{"name":"setupEventListeners","decl":{"start":{"line":249,"column":9},"end":{"line":249,"column":28}},"loc":{"start":{"line":249,"column":31},"end":{"line":277,"column":1}},"line":249},"22":{"name":"handleKeyDown","decl":{"start":{"line":257,"column":13},"end":{"line":257,"column":26}},"loc":{"start":{"line":257,"column":34},"end":{"line":268,"column":5}},"line":257},"23":{"name":"handleKeyUp","decl":{"start":{"line":270,"column":13},"end":{"line":270,"column":24}},"loc":{"start":{"line":270,"column":32},"end":{"line":272,"column":5}},"line":270},"24":{"name":"(anonymous_24)","decl":{"start":{"line":280,"column":46},"end":{"line":280,"column":47}},"loc":{"start":{"line":280,"column":52},"end":{"line":301,"column":1}},"line":280},"25":{"name":"(anonymous_25)","decl":{"start":{"line":291,"column":36},"end":{"line":291,"column":37}},"loc":{"start":{"line":291,"column":42},"end":{"line":300,"column":3}},"line":291}},"branchMap":{"0":{"loc":{"start":{"line":1,"column":38},"end":{"line":1,"column":54}},"type":"default-arg","locations":[{"start":{"line":1,"column":53},"end":{"line":1,"column":54}}],"line":1},"1":{"loc":{"start":{"line":3,"column":25},"end":{"line":3,"column":54}},"type":"binary-expr","locations":[{"start":{"line":3,"column":25},"end":{"line":3,"column":49}},{"start":{"line":3,"column":53},"end":{"line":3,"column":54}}],"line":3},"2":{"loc":{"start":{"line":6,"column":36},"end":{"line":6,"column":54}},"type":"default-arg","locations":[{"start":{"line":6,"column":52},"end":{"line":6,"column":54}}],"line":6},"3":{"loc":{"start":{"line":37,"column":2},"end":{"line":37,"column":22}},"type":"if","locations":[{"start":{"line":37,"column":2},"end":{"line":37,"column":22}},{"start":{},"end":{}}],"line":37},"4":{"loc":{"start":{"line":51,"column":2},"end":{"line":51,"column":29}},"type":"if","locations":[{"start":{"line":51,"column":2},"end":{"line":51,"column":29}},{"start":{},"end":{}}],"line":51},"5":{"loc":{"start":{"line":74,"column":2},"end":{"line":76,"column":3}},"type":"if","locations":[{"start":{"line":74,"column":2},"end":{"line":76,"column":3}},{"start":{},"end":{}}],"line":74},"6":{"loc":{"start":{"line":79,"column":2},"end":{"line":81,"column":3}},"type":"if","locations":[{"start":{"line":79,"column":2},"end":{"line":81,"column":3}},{"start":{},"end":{}}],"line":79},"7":{"loc":{"start":{"line":84,"column":2},"end":{"line":87,"column":3}},"type":"if","locations":[{"start":{"line":84,"column":2},"end":{"line":87,"column":3}},{"start":{},"end":{}}],"line":84},"8":{"loc":{"start":{"line":92,"column":2},"end":{"line":96,"column":3}},"type":"if","locations":[{"start":{"line":92,"column":2},"end":{"line":96,"column":3}},{"start":{},"end":{}}],"line":92},"9":{"loc":{"start":{"line":113,"column":8},"end":{"line":121,"column":9}},"type":"if","locations":[{"start":{"line":113,"column":8},"end":{"line":121,"column":9}},{"start":{},"end":{}}],"line":113},"10":{"loc":{"start":{"line":127,"column":4},"end":{"line":127,"column":31}},"type":"if","locations":[{"start":{"line":127,"column":4},"end":{"line":127,"column":31}},{"start":{},"end":{}}],"line":127},"11":{"loc":{"start":{"line":135,"column":4},"end":{"line":137,"column":5}},"type":"if","locations":[{"start":{"line":135,"column":4},"end":{"line":137,"column":5}},{"start":{},"end":{}}],"line":135},"12":{"loc":{"start":{"line":143,"column":8},"end":{"line":150,"column":9}},"type":"if","locations":[{"start":{"line":143,"column":8},"end":{"line":150,"column":9}},{"start":{},"end":{}}],"line":143},"13":{"loc":{"start":{"line":146,"column":10},"end":{"line":149,"column":11}},"type":"if","locations":[{"start":{"line":146,"column":10},"end":{"line":149,"column":11}},{"start":{},"end":{}}],"line":146},"14":{"loc":{"start":{"line":146,"column":14},"end":{"line":147,"column":52}},"type":"binary-expr","locations":[{"start":{"line":146,"column":14},"end":{"line":146,"column":25}},{"start":{"line":146,"column":29},"end":{"line":146,"column":52}},{"start":{"line":147,"column":14},"end":{"line":147,"column":25}},{"start":{"line":147,"column":29},"end":{"line":147,"column":52}}],"line":146},"15":{"loc":{"start":{"line":158,"column":8},"end":{"line":163,"column":9}},"type":"if","locations":[{"start":{"line":158,"column":8},"end":{"line":163,"column":9}},{"start":{},"end":{}}],"line":158},"16":{"loc":{"start":{"line":159,"column":10},"end":{"line":160,"column":83}},"type":"binary-expr","locations":[{"start":{"line":159,"column":10},"end":{"line":159,"column":28}},{"start":{"line":160,"column":10},"end":{"line":160,"column":83}}],"line":159},"17":{"loc":{"start":{"line":160,"column":11},"end":{"line":160,"column":76}},"type":"binary-expr","locations":[{"start":{"line":160,"column":11},"end":{"line":160,"column":33}},{"start":{"line":160,"column":37},"end":{"line":160,"column":76}}],"line":160},"18":{"loc":{"start":{"line":175,"column":4},"end":{"line":176,"column":26}},"type":"if","locations":[{"start":{"line":175,"column":4},"end":{"line":176,"column":26}},{"start":{"line":176,"column":9},"end":{"line":176,"column":26}}],"line":175},"19":{"loc":{"start":{"line":180,"column":4},"end":{"line":180,"column":37}},"type":"if","locations":[{"start":{"line":180,"column":4},"end":{"line":180,"column":37}},{"start":{},"end":{}}],"line":180},"20":{"loc":{"start":{"line":187,"column":27},"end":{"line":187,"column":46}},"type":"cond-expr","locations":[{"start":{"line":187,"column":40},"end":{"line":187,"column":41}},{"start":{"line":187,"column":44},"end":{"line":187,"column":46}}],"line":187},"21":{"loc":{"start":{"line":188,"column":6},"end":{"line":192,"column":7}},"type":"if","locations":[{"start":{"line":188,"column":6},"end":{"line":192,"column":7}},{"start":{},"end":{}}],"line":188},"22":{"loc":{"start":{"line":197,"column":4},"end":{"line":197,"column":37}},"type":"if","locations":[{"start":{"line":197,"column":4},"end":{"line":197,"column":37}},{"start":{},"end":{}}],"line":197},"23":{"loc":{"start":{"line":200,"column":4},"end":{"line":202,"column":5}},"type":"if","locations":[{"start":{"line":200,"column":4},"end":{"line":202,"column":5}},{"start":{},"end":{}}],"line":200},"24":{"loc":{"start":{"line":206,"column":4},"end":{"line":206,"column":37}},"type":"if","locations":[{"start":{"line":206,"column":4},"end":{"line":206,"column":37}},{"start":{},"end":{}}],"line":206},"25":{"loc":{"start":{"line":209,"column":4},"end":{"line":223,"column":5}},"type":"if","locations":[{"start":{"line":209,"column":4},"end":{"line":223,"column":5}},{"start":{},"end":{}}],"line":209},"26":{"loc":{"start":{"line":220,"column":6},"end":{"line":222,"column":7}},"type":"if","locations":[{"start":{"line":220,"column":6},"end":{"line":222,"column":7}},{"start":{},"end":{}}],"line":220},"27":{"loc":{"start":{"line":227,"column":16},"end":{"line":227,"column":24}},"type":"default-arg","locations":[{"start":{"line":227,"column":23},"end":{"line":227,"column":24}}],"line":227},"28":{"loc":{"start":{"line":228,"column":4},"end":{"line":228,"column":37}},"type":"if","locations":[{"start":{"line":228,"column":4},"end":{"line":228,"column":37}},{"start":{},"end":{}}],"line":228},"29":{"loc":{"start":{"line":237,"column":4},"end":{"line":240,"column":5}},"type":"if","locations":[{"start":{"line":237,"column":4},"end":{"line":240,"column":5}},{"start":{},"end":{}}],"line":237},"30":{"loc":{"start":{"line":244,"column":4},"end":{"line":246,"column":5}},"type":"if","locations":[{"start":{"line":244,"column":4},"end":{"line":246,"column":5}},{"start":{},"end":{}}],"line":244},"31":{"loc":{"start":{"line":258,"column":6},"end":{"line":258,"column":34}},"type":"if","locations":[{"start":{"line":258,"column":6},"end":{"line":258,"column":34}},{"start":{},"end":{}}],"line":258},"32":{"loc":{"start":{"line":261,"column":6},"end":{"line":264,"column":56}},"type":"if","locations":[{"start":{"line":261,"column":6},"end":{"line":264,"column":56}},{"start":{"line":262,"column":11},"end":{"line":264,"column":56}}],"line":261},"33":{"loc":{"start":{"line":262,"column":11},"end":{"line":264,"column":56}},"type":"if","locations":[{"start":{"line":262,"column":11},"end":{"line":264,"column":56}},{"start":{"line":263,"column":11},"end":{"line":264,"column":56}}],"line":262},"34":{"loc":{"start":{"line":263,"column":11},"end":{"line":264,"column":56}},"type":"if","locations":[{"start":{"line":263,"column":11},"end":{"line":264,"column":56}},{"start":{"line":264,"column":11},"end":{"line":264,"column":56}}],"line":263},"35":{"loc":{"start":{"line":264,"column":11},"end":{"line":264,"column":56}},"type":"if","locations":[{"start":{"line":264,"column":11},"end":{"line":264,"column":56}},{"start":{},"end":{}}],"line":264},"36":{"loc":{"start":{"line":282,"column":2},"end":{"line":285,"column":3}},"type":"if","locations":[{"start":{"line":282,"column":2},"end":{"line":285,"column":3}},{"start":{},"end":{}}],"line":282},"37":{"loc":{"start":{"line":293,"column":4},"end":{"line":299,"column":5}},"type":"if","locations":[{"start":{"line":293,"column":4},"end":{"line":299,"column":5}},{"start":{},"end":{}}],"line":293},"38":{"loc":{"start":{"line":293,"column":8},"end":{"line":293,"column":31}},"type":"binary-expr","locations":[{"start":{"line":293,"column":8},"end":{"line":293,"column":14}},{"start":{"line":293,"column":18},"end":{"line":293,"column":31}}],"line":293},"39":{"loc":{"start":{"line":304,"column":0},"end":{"line":311,"column":1}},"type":"if","locations":[{"start":{"line":304,"column":0},"end":{"line":311,"column":1}},{"start":{},"end":{}}],"line":304}},"s":{"0":0,"1":0,"2":0,"3":0,"4":0,"5":0,"6":0,"7":0,"8":0,"9":0,"10":0,"11":0,"12":0,"13":0,"14":0,"15":0,"16":0,"17":0,"18":0,"19":0,"20":0,"21":0,"22":0,"23":0,"24":0,"25":0,"26":0,"27":0,"28":0,"29":0,"30":0,"31":0,"32":0,"33":0,"34":0,"35":0,"36":0,"37":0,"38":0,"39":0,"40":0,"41":0,"42":0,"43":0,"44":0,"45":0,"46":0,"47":0,"48":0,"49":0,"50":0,"51":0,"52":0,"53":0,"54":0,"55":0,"56":0,"57":0,"58":0,"59":0,"60":0,"61":0,"62":0,"63":0,"64":0,"65":0,"66":0,"67":0,"68":0,"69":0,"70":0,"71":0,"72":0,"73":0,"74":0,"75":0,"76":0,"77":0,"78":0,"79":0,"80":0,"81":0,"82":0,"83":0,"84":0,"85":0,"86":0,"87":0,"88":0,"89":0,"90":0,"91":0,"92":0,"93":0,"94":0,"95":0,"96":0,"97":0,"98":0,"99":0,"100":0,"101":0,"102":0,"103":0,"104":0,"105":0,"106":0,"107":0,"108":0,"109":0,"110":0,"111":0,"112":0,"113":0,"114":0,"115":0,"116":0,"117":0,"118":0,"119":0,"120":0,"121":0,"122":0,"123":0,"124":0,"125":0,"126":0,"127":0,"128":0,"129":0,"130":0,"131":0,"132":0,"133":0,"134":0,"135":0,"136":0,"137":0,"138":0,"139":0,"140":0,"141":0,"142":0},"f":{"0":0,"1":0,"2":0,"3":0,"4":0,"5":0,"6":0,"7":0,"8":0,"9":0,"10":0,"11":0,"12":0,"13":0,"14":0,"15":0,"16":0,"17":0,"18":0,"19":0,"20":0,"21":0,"22":0,"23":0,"24":0,"25":0},"b":{"0":[0],"1":[0,0],"2":[0],"3":[0,0],"4":[0,0],"5":[0,0],"6":[0,0],"7":[0,0],"8":[0,0],"9":[0,0],"10":[0,0],"11":[0,0],"12":[0,0],"13":[0,0],"14":[0,0,0,0],"15":[0,0],"16":[0,0],"17":[0,0],"18":[0,0],"19":[0,0],"20":[0,0],"21":[0,0],"22":[0,0],"23":[0,0],"24":[0,0],"25":[0,0],"26":[0,0],"27":[0],"28":[0,0],"29":[0,0],"30":[0,0],"31":[0,0],"32":[0,0],"33":[0,0],"34":[0,0],"35":[0,0],"36":[0,0],"37":[0,0],"38":[0,0],"39":[0,0]}}
,"C:\\Users\\femur\\OneDrive\\work\\wsl_work\\tetris\\src\\constants\\game.js": {"path":"C:\\Users\\femur\\OneDrive\\work\\wsl_work\\tetris\\src\\constants\\game.js","statementMap":{"0":{"start":{"line":2,"column":13},"end":{"line":2,"column":15}},"1":{"start":{"line":3,"column":13},"end":{"line":3,"column":15}},"2":{"start":{"line":4,"column":14},"end":{"line":4,"column":16}},"3":{"start":{"line":7,"column":20},"end":{"line":12,"column":1}},"4":{"start":{"line":15,"column":15},"end":{"line":58,"column":1}},"5":{"start":{"line":61,"column":15},"end":{"line":69,"column":1}},"6":{"start":{"line":72,"column":20},"end":{"line":77,"column":1}},"7":{"start":{"line":80,"column":0},"end":{"line":88,"column":2}}},"fnMap":{},"branchMap":{},"s":{"0":0,"1":0,"2":0,"3":0,"4":0,"5":0,"6":0,"7":0},"f":{},"b":{}}
}
