TN:
SF:src\game.js
FN:1,calculateScore
FN:6,calculateLevel
FN:35,initGame
FN:63,resetGame
FN:65,(anonymous_4)
FN:90,gameOver
FN:99,createPiece
FN:110,drawMatrix
FN:111,(anonymous_8)
FN:112,(anonymous_9)
FN:126,draw
FN:140,merge
FN:141,(anonymous_12)
FN:142,(anonymous_13)
FN:155,collide
FN:169,rotate
FN:175,(anonymous_16)
FN:179,playerRotate
FN:196,playerMove
FN:205,playerDrop
FN:227,update
FN:249,setupEventListeners
FN:257,handleKeyDown
FN:270,handleKeyUp
FN:280,(anonymous_24)
FN:291,(anonymous_25)
FNF:26
FNH:0
FNDA:0,calculateScore
FNDA:0,calculateLevel
FNDA:0,initGame
FNDA:0,resetGame
FNDA:0,(anonymous_4)
FNDA:0,gameOver
FNDA:0,createPiece
FNDA:0,drawMatrix
FNDA:0,(anonymous_8)
FNDA:0,(anonymous_9)
FNDA:0,draw
FNDA:0,merge
FNDA:0,(anonymous_12)
FNDA:0,(anonymous_13)
FNDA:0,collide
FNDA:0,rotate
FNDA:0,(anonymous_16)
FNDA:0,playerRotate
FNDA:0,playerMove
FNDA:0,playerDrop
FNDA:0,update
FNDA:0,setupEventListeners
FNDA:0,handleKeyDown
FNDA:0,handleKeyUp
FNDA:0,(anonymous_24)
FNDA:0,(anonymous_25)
DA:2,0
DA:3,0
DA:7,0
DA:11,0
DA:36,0
DA:37,0
DA:40,0
DA:41,0
DA:44,0
DA:45,0
DA:47,0
DA:48,0
DA:51,0
DA:54,0
DA:57,0
DA:60,0
DA:65,0
DA:68,0
DA:69,0
DA:70,0
DA:71,0
DA:74,0
DA:75,0
DA:79,0
DA:80,0
DA:84,0
DA:86,0
DA:91,0
DA:92,0
DA:93,0
DA:95,0
DA:100,0
DA:101,0
DA:111,0
DA:112,0
DA:113,0
DA:114,0
DA:115,0
DA:127,0
DA:130,0
DA:131,0
DA:134,0
DA:135,0
DA:136,0
DA:141,0
DA:142,0
DA:143,0
DA:144,0
DA:145,0
DA:146,0
DA:148,0
DA:156,0
DA:157,0
DA:158,0
DA:162,0
DA:166,0
DA:170,0
DA:171,0
DA:172,0
DA:175,0
DA:176,0
DA:180,0
DA:182,0
DA:183,0
DA:184,0
DA:185,0
DA:186,0
DA:187,0
DA:188,0
DA:189,0
DA:190,0
DA:191,0
DA:197,0
DA:199,0
DA:200,0
DA:201,0
DA:206,0
DA:208,0
DA:209,0
DA:210,0
DA:211,0
DA:214,0
DA:217,0
DA:220,0
DA:221,0
DA:224,0
DA:228,0
DA:230,0
DA:231,0
DA:234,0
DA:236,0
DA:237,0
DA:238,0
DA:239,0
DA:242,0
DA:244,0
DA:245,0
DA:251,0
DA:252,0
DA:255,0
DA:258,0
DA:259,0
DA:261,0
DA:262,0
DA:263,0
DA:264,0
DA:267,0
DA:271,0
DA:275,0
DA:276,0
DA:280,0
DA:282,0
DA:283,0
DA:284,0
DA:288,0
DA:291,0
DA:292,0
DA:293,0
DA:295,0
DA:296,0
DA:298,0
DA:304,0
DA:305,0
DA:314,0
LF:124
LH:0
BRDA:1,0,0,0
BRDA:3,1,0,0
BRDA:3,1,1,0
BRDA:6,2,0,0
BRDA:37,3,0,0
BRDA:37,3,1,0
BRDA:51,4,0,0
BRDA:51,4,1,0
BRDA:74,5,0,0
BRDA:74,5,1,0
BRDA:79,6,0,0
BRDA:79,6,1,0
BRDA:84,7,0,0
BRDA:84,7,1,0
BRDA:92,8,0,0
BRDA:92,8,1,0
BRDA:113,9,0,0
BRDA:113,9,1,0
BRDA:127,10,0,0
BRDA:127,10,1,0
BRDA:135,11,0,0
BRDA:135,11,1,0
BRDA:143,12,0,0
BRDA:143,12,1,0
BRDA:146,13,0,0
BRDA:146,13,1,0
BRDA:146,14,0,0
BRDA:146,14,1,0
BRDA:146,14,2,0
BRDA:146,14,3,0
BRDA:158,15,0,0
BRDA:158,15,1,0
BRDA:159,16,0,0
BRDA:159,16,1,0
BRDA:160,17,0,0
BRDA:160,17,1,0
BRDA:175,18,0,0
BRDA:175,18,1,0
BRDA:180,19,0,0
BRDA:180,19,1,0
BRDA:187,20,0,0
BRDA:187,20,1,0
BRDA:188,21,0,0
BRDA:188,21,1,0
BRDA:197,22,0,0
BRDA:197,22,1,0
BRDA:200,23,0,0
BRDA:200,23,1,0
BRDA:206,24,0,0
BRDA:206,24,1,0
BRDA:209,25,0,0
BRDA:209,25,1,0
BRDA:220,26,0,0
BRDA:220,26,1,0
BRDA:227,27,0,0
BRDA:228,28,0,0
BRDA:228,28,1,0
BRDA:237,29,0,0
BRDA:237,29,1,0
BRDA:244,30,0,0
BRDA:244,30,1,0
BRDA:258,31,0,0
BRDA:258,31,1,0
BRDA:261,32,0,0
BRDA:261,32,1,0
BRDA:262,33,0,0
BRDA:262,33,1,0
BRDA:263,34,0,0
BRDA:263,34,1,0
BRDA:264,35,0,0
BRDA:264,35,1,0
BRDA:282,36,0,0
BRDA:282,36,1,0
BRDA:293,37,0,0
BRDA:293,37,1,0
BRDA:293,38,0,0
BRDA:293,38,1,0
BRDA:304,39,0,0
BRDA:304,39,1,0
BRF:79
BRH:0
end_of_record
TN:
SF:src\constants\game.js
FNF:0
FNH:0
DA:2,0
DA:3,0
DA:4,0
DA:7,0
DA:15,0
DA:61,0
DA:72,0
DA:80,0
LF:8
LH:0
BRF:0
BRH:0
end_of_record
